url time: 3521.46501493454 s = 58.7 phút
number of links: 3000

crawler time: 9590.5911257267 s = 160 phút = 2.6 giờ
number of lines: 9472

url time: 5872.51621493 s = 97.9 phút
number of links: 7083

================================= Training 1 =================================
# datasets:
raw_data size: 4871
train_data size: 4383
eval_data size: 488

# Hyperparameters:
batch_size = 2
learning_rate = 0.0005
epochs = 4
logging_steps=1000
split=0.9

# Time: 1:16:05

# Loss
Epoch	Training Loss	Validation Loss
1	4.545800	4.355681
2	3.791800	3.979692
3	3.276300	3.884334
4	2.877700	3.866647
================================= Training 1 =================================

================================= Training 2 =================================
# datasets:
raw_data size: 9471
train_data size: 8523
eval_data size: 948

# Hyperparameters:
batch_size = 2
learning_rate = 0.0005
epochs = 4
logging_steps=1000
split=0.9

# Time: 1:16:05

# Loss [13001/17048 2:04:34 < 38:47, 1.74 it/s, Epoch 3.05/4]
Epoch	Training Loss	Validation Loss
1	3.399900	4.256129
2	2.976200	4.176494
3	2.615400	4.051255
================================= Training 2 =================================

================================= Training 3 =================================
# datasets:
raw_data size: 9471
train_data size: 8523
eval_data size: 948

# Hyperparameters:
batch_size = 2
learning_rate = 0.0003
epochs = 4
logging_steps=1000
split=0.9

# Time: 1:16:05

# Loss [13001/17048 2:04:34 < 38:47, 1.74 it/s, Epoch 3.05/4]
Epoch	Training Loss	Validation Loss
1	2.994100	4.288156
2	2.731600	4.221972
================================= Training 3 =================================
